<?xml version="1.0" encoding="UTF-8"?>
<!-- Generated by org.testng.reporters.JUnitReportReporter -->
<testsuite hostname="DESKTOP-LBD5C48" failures="0" tests="1" name="com.medevantage.medrefill.utility.SendMailSSLWithAttachment" time="0.006" errors="0" timestamp="2023-01-13T17:18:46 IST" skipped="0">
  <testcase classname="com.medevantage.medrefill.utility.SendMailSSLWithAttachment" name="testReport" time="0.006"/>
  <system-out/>
</testsuite> <!-- com.medevantage.medrefill.utility.SendMailSSLWithAttachment -->
