<?xml version="1.0" encoding="UTF-8"?>
<!-- Generated by org.testng.reporters.JUnitReportReporter -->
<testsuite hostname="DESKTOP-LBD5C48" failures="0" tests="1" name="com.medevantage.medrefill.testCase.Patient_Verification_Test" time="1.906" errors="0" timestamp="2022-12-12T12:35:14 IST" skipped="0">
  <testcase classname="com.medevantage.medrefill.testCase.Patient_Verification_Test" name="verifyPatientDetails" time="1.906"/>
  <system-out/>
</testsuite> <!-- com.medevantage.medrefill.testCase.Patient_Verification_Test -->
