<?xml version="1.0" encoding="UTF-8"?>
<!-- Generated by org.testng.reporters.JUnitReportReporter -->
<testsuite hostname="DESKTOP-LBD5C48" failures="0" tests="1" name="com.medevantage.medrefill.testCase.CheckStausCode" time="5.762" errors="0" timestamp="2023-01-18T13:25:59 IST" skipped="0">
  <testcase classname="com.medevantage.medrefill.testCase.CheckStausCode" name="checkUrlstatus" time="5.762"/>
  <system-out/>
</testsuite> <!-- com.medevantage.medrefill.testCase.CheckStausCode -->
