<?xml version="1.0" encoding="UTF-8"?>
<!-- Generated by org.testng.reporters.JUnitReportReporter -->
<testsuite hostname="DESKTOP-LBD5C48" failures="0" tests="1" name="com.medevantage.medrefill.utility.SendMailWithAttachment" time="0.009" errors="0" timestamp="2023-01-23T12:24:41 IST" skipped="0">
  <testcase classname="com.medevantage.medrefill.utility.SendMailWithAttachment" name="testReport" time="0.009"/>
  <system-out/>
</testsuite> <!-- com.medevantage.medrefill.utility.SendMailWithAttachment -->
