<?xml version="1.0" encoding="UTF-8"?>
<!-- Generated by org.testng.reporters.JUnitReportReporter -->
<testsuite hostname="DESKTOP-LBD5C48" failures="0" tests="1" name="com.medevantage.medrefill.testCase.ValidateURL" time="0.767" errors="0" timestamp="2023-01-11T15:57:25 IST" skipped="0">
  <testcase classname="com.medevantage.medrefill.testCase.ValidateURL" name="checkLink" time="0.767"/>
  <system-out/>
</testsuite> <!-- com.medevantage.medrefill.testCase.ValidateURL -->
