<?xml version="1.0" encoding="UTF-8"?>
<!-- Generated by org.testng.reporters.JUnitReportReporter -->
<testsuite hostname="DESKTOP-LBD5C48" failures="0" tests="1" name="com.medevantage.medrefill.testCase.RequestPrescriptionRefill_Test" time="24.804" errors="0" timestamp="2023-01-23T12:07:27 IST" skipped="0">
  <testcase classname="com.medevantage.medrefill.testCase.RequestPrescriptionRefill_Test" name="requestPrescriptionRefill" time="24.804"/>
  <system-out/>
</testsuite> <!-- com.medevantage.medrefill.testCase.RequestPrescriptionRefill_Test -->
