<?xml version="1.0" encoding="UTF-8"?>
<!-- Generated by org.testng.reporters.JUnitReportReporter -->
<testsuite hostname="DESKTOP-LBD5C48" failures="0" tests="1" name="com.medevantage.medrefill.utility.ConfigReader" time="0.014" errors="0" timestamp="2022-12-13T12:55:01 IST" skipped="0">
  <testcase classname="com.medevantage.medrefill.utility.ConfigReader" name="main" time="0.014"/>
  <system-out/>
</testsuite> <!-- com.medevantage.medrefill.utility.ConfigReader -->
