<?xml version="1.0" encoding="UTF-8"?>
<!-- Generated by org.testng.reporters.JUnitReportReporter -->
<testsuite hostname="DESKTOP-LBD5C48" failures="0" tests="1" name="com.medevantage.medrefill.testCase.PatientVerification_Test" time="29.262" errors="0" timestamp="2023-01-30T15:33:11 IST" skipped="0">
  <testcase classname="com.medevantage.medrefill.testCase.PatientVerification_Test" name="patientVerification" time="29.262"/>
  <system-out/>
</testsuite> <!-- com.medevantage.medrefill.testCase.PatientVerification_Test -->
