<?xml version="1.0" encoding="UTF-8"?>
<!-- Generated by org.testng.reporters.JUnitReportReporter -->
<testsuite hostname="DESKTOP-LBD5C48" failures="0" tests="3" name="com.medevantage.medrefill.testCase.MessagYourProvider_Test" time="43.257" errors="0" timestamp="2023-01-30T15:28:49 IST" skipped="0">
  <testcase classname="com.medevantage.medrefill.testCase.MessagYourProvider_Test" name="patientVerification" time="7.313"/>
  <system-out/>
  <testcase classname="com.medevantage.medrefill.testCase.MessagYourProvider_Test" name="enterYourOTP" time="15.068"/>
  <system-out/>
  <testcase classname="com.medevantage.medrefill.testCase.MessagYourProvider_Test" name="messageYourProvider" time="20.876"/>
  <system-out/>
</testsuite> <!-- com.medevantage.medrefill.testCase.MessagYourProvider_Test -->
