<?xml version="1.0" encoding="UTF-8"?>
<!-- Generated by org.testng.reporters.JUnitReportReporter -->
<testsuite hostname="DESKTOP-LBD5C48" failures="0" tests="1" name="com.medevantage.medrefill.testCase.VerifyOTPWithGmail_Test" time="0.000" errors="0" timestamp="2023-01-13T09:53:29 IST" skipped="1">
  <testcase classname="com.medevantage.medrefill.testCase.VerifyOTPWithGmail_Test" name="enterYourOTP" time="0.000">
    <skipped/>
  </testcase> <!-- enterYourOTP -->
  <system-out/>
</testsuite> <!-- com.medevantage.medrefill.testCase.VerifyOTPWithGmail_Test -->
