<?xml version="1.0" encoding="UTF-8"?>
<!-- Generated by org.testng.reporters.JUnitReportReporter -->
<testsuite hostname="DESKTOP-LBD5C48" failures="0" tests="1" name="com.medevantage.medrefill.testCase.BrokenLinks" time="13.830" errors="0" timestamp="2023-01-11T15:15:07 IST" skipped="0">
  <testcase classname="com.medevantage.medrefill.testCase.BrokenLinks" name="link" time="13.830"/>
  <system-out/>
</testsuite> <!-- com.medevantage.medrefill.testCase.BrokenLinks -->
