<?xml version="1.0" encoding="UTF-8"?>
<!-- Generated by org.testng.reporters.JUnitReportReporter -->
<testsuite hostname="DESKTOP-LBD5C48" failures="0" tests="3" name="com.medevantage.medrefill.testCase.MessagYourProvider_Test" time="46.542" errors="0" timestamp="2023-01-23T12:13:46 IST" skipped="0">
  <testcase classname="com.medevantage.medrefill.testCase.MessagYourProvider_Test" name="patientVerification" time="7.294"/>
  <system-out/>
  <testcase classname="com.medevantage.medrefill.testCase.MessagYourProvider_Test" name="enterYourOTP" time="18.611"/>
  <system-out/>
  <testcase classname="com.medevantage.medrefill.testCase.MessagYourProvider_Test" name="messageYourProvider" time="20.637"/>
  <system-out/>
</testsuite> <!-- com.medevantage.medrefill.testCase.MessagYourProvider_Test -->
